<?xml version="1.0" encoding="UTF-8"?>
<!-- Generated by org.testng.reporters.JUnitReportReporter -->
<testsuite hostname="DESKTOP-APML90P" failures="0" tests="8" name="test.Test_Happy_Flow_01_COD" time="389.255" errors="0" timestamp="2025-01-17T11:53:17 IST" skipped="0">
  <testcase classname="test.Test_Happy_Flow_01_COD" name="verifyEmailTextboxAndPasswordTest" time="1.045"/>
  <system-out/>
  <testcase classname="test.Test_Happy_Flow_01_COD" name="verifySignInTest" time="3.229"/>
  <system-out/>
  <testcase classname="test.Test_Happy_Flow_01_COD" name="verifyDashboardTest" time="4.791"/>
  <system-out/>
  <testcase classname="test.Test_Happy_Flow_01_COD" name="verifyClientDashboardTest" time="6.949"/>
  <system-out/>
  <testcase classname="test.Test_Happy_Flow_01_COD" name="verifyCompanyNameTest" time="4.723"/>
  <system-out/>
  <testcase classname="test.Test_Happy_Flow_01_COD" name="verifyViewAsDashboardTest" time="8.963"/>
  <system-out/>
  <testcase classname="test.Test_Happy_Flow_01_COD" name="verifyOrderCloneTest" time="1.883"/>
  <system-out/>
  <testcase classname="test.Test_Happy_Flow_01_COD" name="verifyMsgReceivedTest" time="357.672"/>
  <system-out/>
</testsuite> <!-- test.Test_Happy_Flow_01_COD -->
