<?xml version="1.0" encoding="UTF-8"?>
<!-- Generated by org.testng.reporters.JUnitReportReporter -->
<testsuite hostname="DESKTOP-APML90P" failures="0" tests="8" name="test.Test_011_Prepaid_WA_Reply_AT1_Track_ContactUs" time="280.206" errors="0" timestamp="2025-01-17T15:26:35 IST" skipped="0">
  <testcase classname="test.Test_011_Prepaid_WA_Reply_AT1_Track_ContactUs" name="verifyEmailTextboxAndPasswordTest" time="1.379"/>
  <system-out/>
  <testcase classname="test.Test_011_Prepaid_WA_Reply_AT1_Track_ContactUs" name="verifySignInTest" time="2.864"/>
  <system-out/>
  <testcase classname="test.Test_011_Prepaid_WA_Reply_AT1_Track_ContactUs" name="verifyDashboardTest" time="6.663"/>
  <system-out/>
  <testcase classname="test.Test_011_Prepaid_WA_Reply_AT1_Track_ContactUs" name="verifyClientDashboardTest" time="7.372"/>
  <system-out/>
  <testcase classname="test.Test_011_Prepaid_WA_Reply_AT1_Track_ContactUs" name="verifyCompanyNameTest" time="5.702"/>
  <system-out/>
  <testcase classname="test.Test_011_Prepaid_WA_Reply_AT1_Track_ContactUs" name="verifyViewAsDashboardTest" time="9.479"/>
  <system-out/>
  <testcase classname="test.Test_011_Prepaid_WA_Reply_AT1_Track_ContactUs" name="verifyOrderCloneTest" time="2.158"/>
  <system-out/>
  <testcase classname="test.Test_011_Prepaid_WA_Reply_AT1_Track_ContactUs" name="verifyMsgReceivedTest" time="244.589"/>
  <system-out/>
</testsuite> <!-- test.Test_011_Prepaid_WA_Reply_AT1_Track_ContactUs -->
