<?xml version="1.0" encoding="UTF-8"?>
<!-- Generated by org.testng.reporters.JUnitReportReporter -->
<testsuite hostname="DESKTOP-APML90P" failures="0" tests="8" name="test.Test_012_Prepaid_WA_Reply_RA_Deliver_Tomorrow" time="317.890" errors="0" timestamp="2025-01-17T15:42:05 IST" skipped="0">
  <testcase classname="test.Test_012_Prepaid_WA_Reply_RA_Deliver_Tomorrow" name="verifyEmailTextboxAndPasswordTest" time="1.368"/>
  <system-out/>
  <testcase classname="test.Test_012_Prepaid_WA_Reply_RA_Deliver_Tomorrow" name="verifySignInTest" time="2.656"/>
  <system-out/>
  <testcase classname="test.Test_012_Prepaid_WA_Reply_RA_Deliver_Tomorrow" name="verifyDashboardTest" time="6.774"/>
  <system-out/>
  <testcase classname="test.Test_012_Prepaid_WA_Reply_RA_Deliver_Tomorrow" name="verifyClientDashboardTest" time="7.640"/>
  <system-out/>
  <testcase classname="test.Test_012_Prepaid_WA_Reply_RA_Deliver_Tomorrow" name="verifyCompanyNameTest" time="5.053"/>
  <system-out/>
  <testcase classname="test.Test_012_Prepaid_WA_Reply_RA_Deliver_Tomorrow" name="verifyViewAsDashboardTest" time="9.436"/>
  <system-out/>
  <testcase classname="test.Test_012_Prepaid_WA_Reply_RA_Deliver_Tomorrow" name="verifyOrderCloneTest" time="2.393"/>
  <system-out/>
  <testcase classname="test.Test_012_Prepaid_WA_Reply_RA_Deliver_Tomorrow" name="verifyMsgReceivedTest" time="282.570"/>
  <system-out/>
</testsuite> <!-- test.Test_012_Prepaid_WA_Reply_RA_Deliver_Tomorrow -->
