<?xml version="1.0" encoding="UTF-8"?>
<!-- Generated by org.testng.reporters.JUnitReportReporter -->
<testsuite hostname="DESKTOP-APML90P" failures="0" tests="8" name="test.Test_08_COD_WA_Reply_RA_Deliver_Tomorrow" time="326.255" errors="0" timestamp="2025-01-17T13:35:41 IST" skipped="0">
  <testcase classname="test.Test_08_COD_WA_Reply_RA_Deliver_Tomorrow" name="verifyEmailTextboxAndPasswordTest" time="1.415"/>
  <system-out/>
  <testcase classname="test.Test_08_COD_WA_Reply_RA_Deliver_Tomorrow" name="verifySignInTest" time="3.226"/>
  <system-out/>
  <testcase classname="test.Test_08_COD_WA_Reply_RA_Deliver_Tomorrow" name="verifyDashboardTest" time="6.386"/>
  <system-out/>
  <testcase classname="test.Test_08_COD_WA_Reply_RA_Deliver_Tomorrow" name="verifyClientDashboardTest" time="7.288"/>
  <system-out/>
  <testcase classname="test.Test_08_COD_WA_Reply_RA_Deliver_Tomorrow" name="verifyCompanyNameTest" time="5.435"/>
  <system-out/>
  <testcase classname="test.Test_08_COD_WA_Reply_RA_Deliver_Tomorrow" name="verifyViewAsDashboardTest" time="9.639"/>
  <system-out/>
  <testcase classname="test.Test_08_COD_WA_Reply_RA_Deliver_Tomorrow" name="verifyOrderCloneTest" time="2.218"/>
  <system-out/>
  <testcase classname="test.Test_08_COD_WA_Reply_RA_Deliver_Tomorrow" name="verifyMsgReceivedTest" time="290.648"/>
  <system-out/>
</testsuite> <!-- test.Test_08_COD_WA_Reply_RA_Deliver_Tomorrow -->
