<?xml version="1.0" encoding="UTF-8"?>
<!-- Generated by org.testng.reporters.JUnitReportReporter -->
<testsuite hostname="DESKTOP-APML90P" failures="0" tests="8" name="test.Test_05_COD_WA_Reply_OC_Confirm" time="84.370" errors="0" timestamp="2025-01-17T12:46:20 IST" skipped="0">
  <testcase classname="test.Test_05_COD_WA_Reply_OC_Confirm" name="verifyEmailTextboxAndPasswordTest" time="1.196"/>
  <system-out/>
  <testcase classname="test.Test_05_COD_WA_Reply_OC_Confirm" name="verifySignInTest" time="2.880"/>
  <system-out/>
  <testcase classname="test.Test_05_COD_WA_Reply_OC_Confirm" name="verifyDashboardTest" time="5.795"/>
  <system-out/>
  <testcase classname="test.Test_05_COD_WA_Reply_OC_Confirm" name="verifyClientDashboardTest" time="7.182"/>
  <system-out/>
  <testcase classname="test.Test_05_COD_WA_Reply_OC_Confirm" name="verifyCompanyNameTest" time="5.120"/>
  <system-out/>
  <testcase classname="test.Test_05_COD_WA_Reply_OC_Confirm" name="verifyViewAsDashboardTest" time="8.991"/>
  <system-out/>
  <testcase classname="test.Test_05_COD_WA_Reply_OC_Confirm" name="verifyOrderCloneTest" time="2.077"/>
  <system-out/>
  <testcase classname="test.Test_05_COD_WA_Reply_OC_Confirm" name="verifyMsgReceivedTest" time="51.129"/>
  <system-out/>
</testsuite> <!-- test.Test_05_COD_WA_Reply_OC_Confirm -->
