<?xml version="1.0" encoding="UTF-8"?>
<!-- Generated by org.testng.reporters.JUnitReportReporter -->
<testsuite hostname="DESKTOP-APML90P" failures="0" tests="8" name="test.Test_Happy_Flow_02_COD_Cancel_Flow" time="383.556" errors="0" timestamp="2025-01-17T12:08:18 IST" skipped="0">
  <testcase classname="test.Test_Happy_Flow_02_COD_Cancel_Flow" name="verifyEmailTextboxAndPasswordTest" time="1.161"/>
  <system-out/>
  <testcase classname="test.Test_Happy_Flow_02_COD_Cancel_Flow" name="verifySignInTest" time="2.737"/>
  <system-out/>
  <testcase classname="test.Test_Happy_Flow_02_COD_Cancel_Flow" name="verifyDashboardTest" time="6.584"/>
  <system-out/>
  <testcase classname="test.Test_Happy_Flow_02_COD_Cancel_Flow" name="verifyClientDashboardTest" time="7.162"/>
  <system-out/>
  <testcase classname="test.Test_Happy_Flow_02_COD_Cancel_Flow" name="verifyCompanyNameTest" time="4.578"/>
  <system-out/>
  <testcase classname="test.Test_Happy_Flow_02_COD_Cancel_Flow" name="verifyViewAsDashboardTest" time="10.024"/>
  <system-out/>
  <testcase classname="test.Test_Happy_Flow_02_COD_Cancel_Flow" name="verifyOrderCloneTest" time="1.992"/>
  <system-out/>
  <testcase classname="test.Test_Happy_Flow_02_COD_Cancel_Flow" name="verifyMsgReceivedTest" time="349.318"/>
  <system-out/>
</testsuite> <!-- test.Test_Happy_Flow_02_COD_Cancel_Flow -->
