<?xml version="1.0" encoding="UTF-8"?>
<!-- Generated by org.testng.reporters.JUnitReportReporter -->
<testsuite hostname="DESKTOP-APML90P" failures="0" tests="8" name="test.Test_Happy_Flow_03_Prepaid_Flow" time="420.534" errors="0" timestamp="2025-01-17T12:18:38 IST" skipped="0">
  <testcase classname="test.Test_Happy_Flow_03_Prepaid_Flow" name="verifyEmailTextboxAndPasswordTest" time="1.285"/>
  <system-out/>
  <testcase classname="test.Test_Happy_Flow_03_Prepaid_Flow" name="verifySignInTest" time="2.493"/>
  <system-out/>
  <testcase classname="test.Test_Happy_Flow_03_Prepaid_Flow" name="verifyDashboardTest" time="5.697"/>
  <system-out/>
  <testcase classname="test.Test_Happy_Flow_03_Prepaid_Flow" name="verifyClientDashboardTest" time="6.986"/>
  <system-out/>
  <testcase classname="test.Test_Happy_Flow_03_Prepaid_Flow" name="verifyCompanyNameTest" time="4.070"/>
  <system-out/>
  <testcase classname="test.Test_Happy_Flow_03_Prepaid_Flow" name="verifyViewAsDashboardTest" time="9.125"/>
  <system-out/>
  <testcase classname="test.Test_Happy_Flow_03_Prepaid_Flow" name="verifyOrderCloneTest" time="2.050"/>
  <system-out/>
  <testcase classname="test.Test_Happy_Flow_03_Prepaid_Flow" name="verifyMsgReceivedTest" time="388.828"/>
  <system-out/>
</testsuite> <!-- test.Test_Happy_Flow_03_Prepaid_Flow -->
