<?xml version="1.0" encoding="UTF-8"?>
<!-- Generated by org.testng.reporters.JUnitReportReporter -->
<testsuite hostname="DESKTOP-HGMSAGS" failures="0" tests="8" name="test.TestHappyFlow" time="570.741" errors="0" timestamp="2024-11-21T13:18:59 IST" skipped="0">
  <testcase classname="test.TestHappyFlow" name="verifyEmailTextboxAndPasswordTest" time="1.540"/>
  <testcase classname="test.TestHappyFlow" name="verifySignInTest" time="3.542"/>
  <testcase classname="test.TestHappyFlow" name="verifyDashboardTest" time="7.824"/>
  <testcase classname="test.TestHappyFlow" name="verifyClientDashboardTest" time="7.607"/>
  <testcase classname="test.TestHappyFlow" name="verifyCompanyNameTest" time="4.261"/>
  <testcase classname="test.TestHappyFlow" name="verifyViewAsDashboardTest" time="10.221"/>
  <testcase classname="test.TestHappyFlow" name="verifyOrderCloneTest" time="2.613"/>
  <testcase classname="test.TestHappyFlow" name="selectPaymentMethodTest" time="533.133"/>
</testsuite> <!-- test.TestHappyFlow -->
