<?xml version="1.0" encoding="UTF-8"?>
<!-- Generated by org.testng.reporters.JUnitReportReporter -->
<testsuite hostname="DESKTOP-APML90P" failures="0" tests="9" name="test.Test_013_Prepaid_WA_Reply_Delivered_Rate_Experience" time="469.840" errors="0" timestamp="2025-01-17T16:15:04 IST" skipped="0">
  <testcase classname="test.Test_013_Prepaid_WA_Reply_Delivered_Rate_Experience" name="verifyEmailTextboxAndPasswordTest" time="1.683"/>
  <system-out/>
  <testcase classname="test.Test_013_Prepaid_WA_Reply_Delivered_Rate_Experience" name="verifySignInTest" time="2.944"/>
  <system-out/>
  <testcase classname="test.Test_013_Prepaid_WA_Reply_Delivered_Rate_Experience" name="verifyDashboardTest" time="6.753"/>
  <system-out/>
  <testcase classname="test.Test_013_Prepaid_WA_Reply_Delivered_Rate_Experience" name="verifyClientDashboardTest" time="7.455"/>
  <system-out/>
  <testcase classname="test.Test_013_Prepaid_WA_Reply_Delivered_Rate_Experience" name="verifyCompanyNameTest" time="5.201"/>
  <system-out/>
  <testcase classname="test.Test_013_Prepaid_WA_Reply_Delivered_Rate_Experience" name="verifyViewAsDashboardTest" time="10.174"/>
  <system-out/>
  <testcase classname="test.Test_013_Prepaid_WA_Reply_Delivered_Rate_Experience" name="verifyOrderCloneTest" time="2.545"/>
  <system-out/>
  <testcase classname="test.Test_013_Prepaid_WA_Reply_Delivered_Rate_Experience" name="verifyMsgReceivedTest" time="403.626"/>
  <system-out/>
  <testcase classname="test.Test_013_Prepaid_WA_Reply_Delivered_Rate_Experience" name="verifyRateExperienceTest" time="29.459"/>
  <system-out/>
</testsuite> <!-- test.Test_013_Prepaid_WA_Reply_Delivered_Rate_Experience -->
