<?xml version="1.0" encoding="UTF-8"?>
<!-- Generated by org.testng.reporters.JUnitReportReporter -->
<testsuite hostname="DESKTOP-APML90P" failures="0" tests="8" name="test.Test_Happy_Flow_04_Prepaid_Cancel_Flow" time="412.793" errors="0" timestamp="2025-01-17T12:31:09 IST" skipped="0">
  <testcase classname="test.Test_Happy_Flow_04_Prepaid_Cancel_Flow" name="verifyEmailTextboxAndPasswordTest" time="1.225"/>
  <system-out/>
  <testcase classname="test.Test_Happy_Flow_04_Prepaid_Cancel_Flow" name="verifySignInTest" time="2.605"/>
  <system-out/>
  <testcase classname="test.Test_Happy_Flow_04_Prepaid_Cancel_Flow" name="verifyDashboardTest" time="5.856"/>
  <system-out/>
  <testcase classname="test.Test_Happy_Flow_04_Prepaid_Cancel_Flow" name="verifyClientDashboardTest" time="7.021"/>
  <system-out/>
  <testcase classname="test.Test_Happy_Flow_04_Prepaid_Cancel_Flow" name="verifyCompanyNameTest" time="4.982"/>
  <system-out/>
  <testcase classname="test.Test_Happy_Flow_04_Prepaid_Cancel_Flow" name="verifyViewAsDashboardTest" time="9.164"/>
  <system-out/>
  <testcase classname="test.Test_Happy_Flow_04_Prepaid_Cancel_Flow" name="verifyOrderCloneTest" time="1.964"/>
  <system-out/>
  <testcase classname="test.Test_Happy_Flow_04_Prepaid_Cancel_Flow" name="verifyMsgReceivedTest" time="379.976"/>
  <system-out/>
</testsuite> <!-- test.Test_Happy_Flow_04_Prepaid_Cancel_Flow -->
