<?xml version="1.0" encoding="UTF-8"?>
<!-- Generated by org.testng.reporters.JUnitReportReporter -->
<testsuite hostname="DESKTOP-HGMSAGS" failures="0" tests="8" name="test.TestHappyFlow_COD" time="544.155" errors="0" timestamp="2024-11-21T15:13:22 IST" skipped="0">
  <testcase classname="test.TestHappyFlow_COD" name="verifyEmailTextboxAndPasswordTest" time="1.071"/>
  <testcase classname="test.TestHappyFlow_COD" name="verifySignInTest" time="2.586"/>
  <testcase classname="test.TestHappyFlow_COD" name="verifyDashboardTest" time="5.839"/>
  <testcase classname="test.TestHappyFlow_COD" name="verifyClientDashboardTest" time="6.673"/>
  <testcase classname="test.TestHappyFlow_COD" name="verifyCompanyNameTest" time="3.918"/>
  <testcase classname="test.TestHappyFlow_COD" name="verifyViewAsDashboardTest" time="9.327"/>
  <testcase classname="test.TestHappyFlow_COD" name="verifyOrderCloneTest" time="1.945"/>
  <testcase classname="test.TestHappyFlow_COD" name="verifyMsgReceivedTest" time="512.796"/>
</testsuite> <!-- test.TestHappyFlow_COD -->
