<?xml version="1.0" encoding="UTF-8"?>
<!-- Generated by org.testng.reporters.JUnitReportReporter -->
<testsuite hostname="DESKTOP-APML90P" failures="0" tests="8" name="test.Test_07_COD_WA_Reply_AT1_Track_ContactUs" time="290.226" errors="0" timestamp="2025-01-17T13:27:32 IST" skipped="0">
  <testcase classname="test.Test_07_COD_WA_Reply_AT1_Track_ContactUs" name="verifyEmailTextboxAndPasswordTest" time="1.237"/>
  <system-out/>
  <testcase classname="test.Test_07_COD_WA_Reply_AT1_Track_ContactUs" name="verifySignInTest" time="2.786"/>
  <system-out/>
  <testcase classname="test.Test_07_COD_WA_Reply_AT1_Track_ContactUs" name="verifyDashboardTest" time="6.510"/>
  <system-out/>
  <testcase classname="test.Test_07_COD_WA_Reply_AT1_Track_ContactUs" name="verifyClientDashboardTest" time="7.570"/>
  <system-out/>
  <testcase classname="test.Test_07_COD_WA_Reply_AT1_Track_ContactUs" name="verifyCompanyNameTest" time="4.798"/>
  <system-out/>
  <testcase classname="test.Test_07_COD_WA_Reply_AT1_Track_ContactUs" name="verifyViewAsDashboardTest" time="9.141"/>
  <system-out/>
  <testcase classname="test.Test_07_COD_WA_Reply_AT1_Track_ContactUs" name="verifyOrderCloneTest" time="2.173"/>
  <system-out/>
  <testcase classname="test.Test_07_COD_WA_Reply_AT1_Track_ContactUs" name="verifyMsgReceivedTest" time="256.011"/>
  <system-out/>
</testsuite> <!-- test.Test_07_COD_WA_Reply_AT1_Track_ContactUs -->
