<?xml version="1.0" encoding="UTF-8"?>
<!-- Generated by org.testng.reporters.JUnitReportReporter -->
<testsuite hostname="DESKTOP-APML90P" failures="0" tests="9" name="test.Test_010_COD_WA_Reply_Delivered_Rate_Experience" time="606.977" errors="0" timestamp="2025-01-17T15:03:15 IST" skipped="0">
  <testcase classname="test.Test_010_COD_WA_Reply_Delivered_Rate_Experience" name="verifyEmailTextboxAndPasswordTest" time="1.253"/>
  <system-out/>
  <testcase classname="test.Test_010_COD_WA_Reply_Delivered_Rate_Experience" name="verifySignInTest" time="3.145"/>
  <system-out/>
  <testcase classname="test.Test_010_COD_WA_Reply_Delivered_Rate_Experience" name="verifyDashboardTest" time="6.906"/>
  <system-out/>
  <testcase classname="test.Test_010_COD_WA_Reply_Delivered_Rate_Experience" name="verifyClientDashboardTest" time="7.608"/>
  <system-out/>
  <testcase classname="test.Test_010_COD_WA_Reply_Delivered_Rate_Experience" name="verifyCompanyNameTest" time="4.875"/>
  <system-out/>
  <testcase classname="test.Test_010_COD_WA_Reply_Delivered_Rate_Experience" name="verifyViewAsDashboardTest" time="9.295"/>
  <system-out/>
  <testcase classname="test.Test_010_COD_WA_Reply_Delivered_Rate_Experience" name="verifyOrderCloneTest" time="2.307"/>
  <system-out/>
  <testcase classname="test.Test_010_COD_WA_Reply_Delivered_Rate_Experience" name="verifyMsgReceivedTest" time="543.027"/>
  <system-out/>
  <testcase classname="test.Test_010_COD_WA_Reply_Delivered_Rate_Experience" name="verifyRateExperienceTest" time="28.561"/>
  <system-out/>
</testsuite> <!-- test.Test_010_COD_WA_Reply_Delivered_Rate_Experience -->
