<?xml version="1.0" encoding="UTF-8"?>
<!-- Generated by org.testng.reporters.JUnitReportReporter -->
<testsuite hostname="DESKTOP-APML90P" failures="0" tests="8" name="test.Test_06_COD_WA_Reply_OC_Cancel" time="73.196" errors="0" timestamp="2025-01-17T12:59:10 IST" skipped="0">
  <testcase classname="test.Test_06_COD_WA_Reply_OC_Cancel" name="verifyEmailTextboxAndPasswordTest" time="1.235"/>
  <system-out/>
  <testcase classname="test.Test_06_COD_WA_Reply_OC_Cancel" name="verifySignInTest" time="2.421"/>
  <system-out/>
  <testcase classname="test.Test_06_COD_WA_Reply_OC_Cancel" name="verifyDashboardTest" time="7.020"/>
  <system-out/>
  <testcase classname="test.Test_06_COD_WA_Reply_OC_Cancel" name="verifyClientDashboardTest" time="7.066"/>
  <system-out/>
  <testcase classname="test.Test_06_COD_WA_Reply_OC_Cancel" name="verifyCompanyNameTest" time="4.221"/>
  <system-out/>
  <testcase classname="test.Test_06_COD_WA_Reply_OC_Cancel" name="verifyViewAsDashboardTest" time="9.040"/>
  <system-out/>
  <testcase classname="test.Test_06_COD_WA_Reply_OC_Cancel" name="verifyOrderCloneTest" time="1.894"/>
  <system-out/>
  <testcase classname="test.Test_06_COD_WA_Reply_OC_Cancel" name="verifyMsgReceivedTest" time="40.299"/>
  <system-out/>
</testsuite> <!-- test.Test_06_COD_WA_Reply_OC_Cancel -->
